
Showing logs for build [32mcb-kubecd-environment-pr-1251-2-flc5t-1[0m stage [32mfrom-build-pack[0m and container [32mstep-credential-initializer-pmhg2[0m
{"level":"warn","ts":1583759260.9987082,"logger":"fallback-logger","caller":"logging/config.go:69","msg":"Fetch GitHub commit ID from kodata failed: \"ref: refs/heads/0.8.0-**-support-backwards-incompats\" is not a valid GitHub commit ID"}
{"level":"info","ts":1583759261.0017462,"logger":"fallback-logger","caller":"creds-init/main.go:40","msg":"Credentials initialized."}

Showing logs for build [32mcb-kubecd-environment-pr-1251-2-flc5t-1[0m stage [32mfrom-build-pack[0m and container [32mstep-working-dir-initializer-pczh4[0m
{"level":"warn","ts":1583759262.3658576,"logger":"fallback-logger","caller":"logging/config.go:69","msg":"Fetch GitHub commit ID from kodata failed: open /var/run/ko/HEAD: no such file or directory"}
{"level":"info","ts":1583759262.368115,"logger":"fallback-logger","caller":"bash/main.go:64","msg":"Successfully executed command \"sh -c mkdir -p /workspace/source\"; output "}

Showing logs for build [32mcb-kubecd-environment-pr-1251-2-flc5t-1[0m stage [32mfrom-build-pack[0m and container [32mstep-place-tools[0m

Showing logs for build [32mcb-kubecd-environment-pr-1251-2-flc5t-1[0m stage [32mfrom-build-pack[0m and container [32mstep-git-source-cb-kubecd-environment-pr-1251-2-flc5t-454ww[0m
{"level":"warn","ts":1583759266.4696655,"logger":"fallback-logger","caller":"logging/config.go:69","msg":"Fetch GitHub commit ID from kodata failed: \"ref: refs/heads/0.8.0-**-support-backwards-incompats\" is not a valid GitHub commit ID"}
{"level":"info","ts":1583759267.6297753,"logger":"fallback-logger","caller":"git/git.go:103","msg":"Successfully cloned https://github.com/cb-kubecd/environment-pr-1251-2-bdd-frontend-staging.git @ master in path /workspace/source"}

Showing logs for build [32mcb-kubecd-environment-pr-1251-2-flc5t-1[0m stage [32mfrom-build-pack[0m and container [32mstep-git-merge[0m
Using SHAs from PULL_REFS=master:90b99f9db0afaca6c1e2583513e3e0ec65db121c,1:e7e4da80282674fd61825caf23b48bac6be72b8a
DEBUG: LC_ALL=C JX_LOG_LEVEL=error git fetch origin --unshallow e7e4da80282674fd61825caf23b48bac6be72b8a: 90b99f9db0afaca6c1e2583513e3e0ec65db121c:
DEBUG: ran git fetch --unshallow origin e7e4da80282674fd61825caf23b48bac6be72b8a: 90b99f9db0afaca6c1e2583513e3e0ec65db121c: in 
DEBUG: LC_ALL=C JX_LOG_LEVEL=error git branch
DEBUG: LC_ALL=C JX_LOG_LEVEL=error git checkout master
DEBUG: ran git checkout master in 
DEBUG: LC_ALL=C JX_LOG_LEVEL=error git reset --hard 90b99f9db0afaca6c1e2583513e3e0ec65db121c
DEBUG: ran git reset --hard 90b99f9db0afaca6c1e2583513e3e0ec65db121c in 
DEBUG: LC_ALL=C JX_LOG_LEVEL=error git clean -fd .
DEBUG: ran clean --force -d . in 
DEBUG: LC_ALL=C JX_LOG_LEVEL=error git merge e7e4da80282674fd61825caf23b48bac6be72b8a
DEBUG: ran git merge e7e4da80282674fd61825caf23b48bac6be72b8a in 
DEBUG: LC_ALL=C JX_LOG_LEVEL=error git log --format=%H%x1f%an%x1f%ae%x1f%cn%x1f%ce%x1f%s%n%b%x1e 90b99f9db0afaca6c1e2583513e3e0ec65db121c..HEAD
Merged SHA e7e4da80282674fd61825caf23b48bac6be72b8a with commit message 'chore: Promote bdd-nh-1583758257 to version 0.0.1' into base branch master

Showing logs for build [32mcb-kubecd-environment-pr-1251-2-flc5t-1[0m stage [32mfrom-build-pack[0m and container [32mstep-build-helm-build[0m
WARNING: No $CHART_REPOSITORY defined so using the default value of: http://jenkins-x-chartmuseum:8080
Adding missing Helm repo: storage.googleapis.com https://storage.googleapis.com/chartmuseum.jenkins-x.io
WARNING: No secrets found on "helm/repos" due: reading the secret "helm/repos" from vault: no secret "helm/repos" not found in vault
Read credentials for https://storage.googleapis.com/chartmuseum.jenkins-x.io from vault helm/repos
Successfully added Helm repository storage.googleapis.com.
Adding missing Helm repo: jenkins-x-chartmuseum http://jenkins-x-chartmuseum:8080
WARNING: No secrets found on "helm/repos" due: reading the secret "helm/repos" from vault: no secret "helm/repos" not found in vault
Read credentials for http://jenkins-x-chartmuseum:8080 from vault helm/repos
Successfully added Helm repository jenkins-x-chartmuseum.
WARNING: No $CHART_REPOSITORY defined so using the default value of: http://jenkins-x-chartmuseum:8080
Adding missing Helm repo: chartmuseum.jenkins-x.io http://chartmuseum.jenkins-x.io
WARNING: No secrets found on "helm/repos" due: reading the secret "helm/repos" from vault: no secret "helm/repos" not found in vault
Read credentials for http://chartmuseum.jenkins-x.io from vault helm/repos
Successfully added Helm repository chartmuseum.jenkins-x.io.
